ADR  CODE          Label   Instruction             Comment              Page(1)

01                 SPK     EQU     01H            
02                 SIO_DAT EQU     02H            
03                 SIO_STA EQU     03H            
00                 
00                 ; ELECTRONIC ORGOL
70                         ORG     70H            
70  1F E0          START   LD      SP,#0E0H       
72  17 A0                  LD      G1,#TABLE-1    
74  37 01          L9      ADD     G1,#1          
76  19 00                  LD      G2,0,G1        
78  5B 00                  CMP     G2,#0          
7A  A4 9F                  JZ      L15            
7C  37 01                  ADD     G1,#1          ; STATE
7E  D8             L10     PUSH    G2             ; 6
7F  19 00                  LD      G2,0,G1        ; 7
81  4B 01          L11     SUB     G2,#1          ; 5
83  00                     NO                     ; 3
84  00                     NO                     ; 3
85  A4 89                  JZ      L12            ; 4
87  A0 81                  JMP     L11            ; 5
89  1B FF          L12     LD      G2,#0FFH       ; 5
8B  CB 01                  OUT     G2,SPK         ; 7
8D  19 00                  LD      G2,0,G1        ; 7
8F  4B 01          L13     SUB     G2,#1          ; 5
91  00                     NO                     ; 3
92  A4 96                  JZ      L14            ; 4
94  A0 8F                  JMP     L13            ; 5
96  CB 01          L14     OUT     G2,SPK         ; 7
98  DA                     POP     G2             ; 6
99  4B 01                  SUB     G2,#1          ; 5
9B  A4 74                  JZ      L9             ; 4
9D  A0 7E                  JMP     L10            ; 5
9F  A0 70          L15     JMP     START          
A1                 ;L15    HALT
A1                 
A1                 ; CDE SONG
A1                 
A1  C5 E8          TABLE   DC      0C5H,0E8H      
A3  61 62 63 D1    T1      DC      "abc",0D1H     
A7  F7 BA          T2      DC      0F7H,0BAH      
A9  41 E8          T3      DC      041H,0E8H      
AB  A5 BA          T4      DC      0A5H,0BAH      
AD  83 E8          T5      DC      083H,0E8H      
AF  A5 BA          T6      DC      0A5H,0BAH      
B1  A5 BA          T7      DC      0A5H,0BAH      
B3  DC D1          T8      DC      0DCH,0D1H      
B5  52 BA          T9      DC      052H,0BAH      
B7  57 AF          T10     DC      057H,0AFH      
B9  57 AF          T11     DC      057H,0AFH      
BB  52 BA          T12     DC      052H,0BAH      
BD  49 D1          T13     DC      049H,0D1H      
BF  AF AF          T14     DC      0AFH,0AFH      
C1  AF AF          T15     DC      0AFH,0AFH      
C3  AF AF          T16     DC      0AFH,0AFH      
C5  AF AF          T17     DC      0AFH,0AFH      
C7  F7 BA          T18     DC      0F7H,0BAH      
C9  57 AF          T19     DC      057H,0AFH      
CB  C4 9C          T20     DC      0C4H,09CH      
CD  62 9C          T21     DC      062H,09CH      
CF  52 BA          T22     DC      052H,0BAH      
D1  C4 9C          T23     DC      0C4H,09CH      
D3  A5 BA          T24     DC      0A5H,0BAH      
D5  C4 9C          T25     DC      0C4H,09CH      
D7  C4 9C          T26     DC      0C4H,09CH      
ADR  CODE          Label   Instruction             Comment              Page(2)

D9  00             T27     DC      000H           ;END
DA  00 00 00 00    T28     DS      8              ; COMMENT
DE  00 00 00 00 
E2                 
